<?xml version="1.0" encoding="UTF-8"?>
<testng-results ignored="0" total="1" passed="1" failed="0" skipped="0">
  <reporter-output>
  </reporter-output>
  <suite started-at="2024-07-27T19:07:43 BDT" name="Default suite" finished-at="2024-07-27T19:08:11 BDT" duration-ms="28321">
    <groups>
    </groups>
    <test started-at="2024-07-27T19:07:43 BDT" name="Default test" finished-at="2024-07-27T19:08:11 BDT" duration-ms="28321">
      <class name="web.tests.LoginTest">
        <test-method is-config="true" signature="startBrowser()[pri:0, instance:web.tests.LoginTest@7fd50002]" started-at="2024-07-27T19:07:41 BDT" name="startBrowser" finished-at="2024-07-27T19:07:43 BDT" duration-ms="1353" status="PASS">
          <reporter-output>
          </reporter-output>
        </test-method> <!-- startBrowser -->
        <test-method is-config="true" signature="openurl()[pri:0, instance:web.tests.LoginTest@7fd50002]" started-at="2024-07-27T19:07:43 BDT" name="openurl" finished-at="2024-07-27T19:07:49 BDT" duration-ms="6112" status="PASS">
          <reporter-output>
          </reporter-output>
        </test-method> <!-- openurl -->
        <test-method signature="loginIntoShop()[pri:0, instance:web.tests.LoginTest@7fd50002]" started-at="2024-07-27T19:07:49 BDT" name="loginIntoShop" finished-at="2024-07-27T19:08:11 BDT" duration-ms="21951" status="PASS">
          <reporter-output>
          </reporter-output>
        </test-method> <!-- loginIntoShop -->
        <test-method is-config="true" signature="report()[pri:0, instance:web.tests.LoginTest@7fd50002]" started-at="2024-07-27T19:08:11 BDT" name="report" finished-at="2024-07-27T19:08:11 BDT" duration-ms="234" status="PASS">
          <reporter-output>
          </reporter-output>
        </test-method> <!-- report -->
        <test-method is-config="true" signature="closeBrowser()[pri:0, instance:web.tests.LoginTest@7fd50002]" started-at="2024-07-27T19:08:11 BDT" name="closeBrowser" finished-at="2024-07-27T19:08:11 BDT" duration-ms="197" status="PASS">
          <reporter-output>
          </reporter-output>
        </test-method> <!-- closeBrowser -->
      </class> <!-- web.tests.LoginTest -->
    </test> <!-- Default test -->
  </suite> <!-- Default suite -->
</testng-results>
