<?xml version="1.0" encoding="UTF-8"?>
<testng-results ignored="0" total="2" passed="2" failed="0" skipped="0">
  <reporter-output>
  </reporter-output>
  <suite started-at="2024-08-16T15:59:35 BDT" name="Default suite" finished-at="2024-08-16T16:00:10 BDT" duration-ms="34780">
    <groups>
    </groups>
    <test started-at="2024-08-16T15:59:35 BDT" name="Default test" finished-at="2024-08-16T16:00:10 BDT" duration-ms="34780">
      <class name="web.tests.LoginTest">
        <test-method is-config="true" signature="startBrowser()[pri:0, instance:web.tests.LoginTest@1040be71]" started-at="2024-08-16T15:59:33 BDT" name="startBrowser" finished-at="2024-08-16T15:59:35 BDT" duration-ms="1387" status="PASS">
          <reporter-output>
          </reporter-output>
        </test-method> <!-- startBrowser -->
        <test-method is-config="true" signature="openurl()[pri:0, instance:web.tests.LoginTest@1040be71]" started-at="2024-08-16T15:59:35 BDT" name="openurl" finished-at="2024-08-16T15:59:42 BDT" duration-ms="6762" status="PASS">
          <reporter-output>
          </reporter-output>
        </test-method> <!-- openurl -->
        <test-method signature="loginIntoShop()[pri:0, instance:web.tests.LoginTest@1040be71]" started-at="2024-08-16T15:59:42 BDT" name="loginIntoShop" finished-at="2024-08-16T16:00:04 BDT" duration-ms="22185" status="PASS">
          <reporter-output>
          </reporter-output>
        </test-method> <!-- loginIntoShop -->
        <test-method signature="product()[pri:1, instance:web.tests.LoginTest@1040be71]" started-at="2024-08-16T16:00:04 BDT" name="product" finished-at="2024-08-16T16:00:09 BDT" duration-ms="5595" status="PASS">
          <reporter-output>
          </reporter-output>
        </test-method> <!-- product -->
        <test-method is-config="true" signature="report()[pri:0, instance:web.tests.LoginTest@1040be71]" started-at="2024-08-16T16:00:09 BDT" name="report" finished-at="2024-08-16T16:00:10 BDT" duration-ms="209" status="PASS">
          <reporter-output>
          </reporter-output>
        </test-method> <!-- report -->
        <test-method is-config="true" signature="closeBrowser()[pri:0, instance:web.tests.LoginTest@1040be71]" started-at="2024-08-16T16:00:10 BDT" name="closeBrowser" finished-at="2024-08-16T16:00:10 BDT" duration-ms="0" status="PASS">
          <reporter-output>
          </reporter-output>
        </test-method> <!-- closeBrowser -->
      </class> <!-- web.tests.LoginTest -->
    </test> <!-- Default test -->
  </suite> <!-- Default suite -->
</testng-results>
